\BOOKMARK [1][-]{section.1}{\376\377\000M\000a\000r\000c\000o\000\040\000T\000e\000\363\000r\000i\000c\000o}{}% 1
\BOOKMARK [2][-]{subsection.1.1}{\376\377\000F\000l\000u\000t\000t\000e\000r}{section.1}% 2
\BOOKMARK [2][-]{subsection.1.2}{\376\377\000D\000a\000r\000t}{section.1}% 3
\BOOKMARK [2][-]{subsection.1.3}{\376\377\000A\000n\000d\000r\000o\000i\000d\000\040\000S\000t\000u\000d\000i\000o}{section.1}% 4
\BOOKMARK [2][-]{subsection.1.4}{\376\377\000P\000a\000t\000r\000\363\000n\000\040\000M\000o\000d\000e\000l\000o\000-\000V\000i\000s\000t\000a\000-\000C\000o\000n\000t\000r\000o\000l\000a\000d\000o\000r\000\040\000\050\000M\000V\000C\000\051}{section.1}% 5
\BOOKMARK [1][-]{section.2}{\376\377\000D\000e\000s\000a\000r\000r\000o\000l\000l\000o\000\040\000d\000e\000\040\000l\000o\000s\000\040\000E\000j\000e\000r\000c\000i\000c\000i\000o\000s}{}% 6
\BOOKMARK [2][-]{subsection.2.1}{\376\377\000E\000j\000e\000r\000c\000i\000c\000i\000o\000\040\0001\000:\000\040\000C\000a\000j\000a\000\040\000d\000e\000\040\000S\000u\000p\000e\000r\000m\000e\000r\000c\000a\000d\000o}{section.2}% 7
\BOOKMARK [3][-]{subsubsection.2.1.1}{\376\377\000P\000s\000e\000u\000d\000o\000c\000\363\000d\000i\000g\000o}{subsection.2.1}% 8
\BOOKMARK [3][-]{subsubsection.2.1.2}{\376\377\000D\000i\000a\000g\000r\000a\000m\000a\000\040\000N\000a\000s\000s\000i\000-\000S\000h\000n\000e\000i\000d\000e\000r\000m\000a\000n}{subsection.2.1}% 9
\BOOKMARK [3][-]{subsubsection.2.1.3}{\376\377\000C\000\363\000d\000i\000g\000o\000\040\000\050\000L\000\363\000g\000i\000c\000a\000\040\000C\000e\000n\000t\000r\000a\000l\000\040\000d\000e\000l\000\040\000M\000o\000d\000e\000l\000o\000\051}{subsection.2.1}% 10
\BOOKMARK [3][-]{subsubsection.2.1.4}{\376\377\000E\000j\000e\000c\000u\000c\000i\000\363\000n}{subsection.2.1}% 11
\BOOKMARK [2][-]{subsection.2.2}{\376\377\000E\000j\000e\000r\000c\000i\000c\000i\000o\000\040\0002\000:\000\040\000M\000\341\000q\000u\000i\000n\000a\000\040\000d\000e\000\040\000V\000u\000e\000l\000t\000o}{section.2}% 12
\BOOKMARK [3][-]{subsubsection.2.2.1}{\376\377\000P\000s\000e\000u\000d\000o\000c\000\363\000d\000i\000g\000o}{subsection.2.2}% 13
\BOOKMARK [3][-]{subsubsection.2.2.2}{\376\377\000D\000i\000a\000g\000r\000a\000m\000a\000\040\000N\000a\000s\000s\000i\000-\000S\000h\000n\000e\000i\000d\000e\000r\000m\000a\000n}{subsection.2.2}% 14
\BOOKMARK [3][-]{subsubsection.2.2.3}{\376\377\000C\000\363\000d\000i\000g\000o\000\040\000\050\000L\000\363\000g\000i\000c\000a\000\040\000C\000e\000n\000t\000r\000a\000l\000\040\000d\000e\000l\000\040\000M\000o\000d\000e\000l\000o\000\051}{subsection.2.2}% 15
\BOOKMARK [3][-]{subsubsection.2.2.4}{\376\377\000E\000j\000e\000c\000u\000c\000i\000\363\000n}{subsection.2.2}% 16
\BOOKMARK [2][-]{subsection.2.3}{\376\377\000E\000j\000e\000r\000c\000i\000c\000i\000o\000\040\0003\000:\000\040\000A\000\361\000o\000\040\000B\000i\000s\000i\000e\000s\000t\000o}{section.2}% 17
\BOOKMARK [3][-]{subsubsection.2.3.1}{\376\377\000P\000s\000e\000u\000d\000o\000c\000\363\000d\000i\000g\000o}{subsection.2.3}% 18
\BOOKMARK [3][-]{subsubsection.2.3.2}{\376\377\000D\000i\000a\000g\000r\000a\000m\000a\000\040\000N\000a\000s\000s\000i\000-\000S\000h\000n\000e\000i\000d\000e\000r\000m\000a\000n}{subsection.2.3}% 19
\BOOKMARK [3][-]{subsubsection.2.3.3}{\376\377\000C\000\363\000d\000i\000g\000o\000\040\000\050\000L\000\363\000g\000i\000c\000a\000\040\000C\000e\000n\000t\000r\000a\000l\000\040\000d\000e\000l\000\040\000M\000o\000d\000e\000l\000o\000\051}{subsection.2.3}% 20
\BOOKMARK [3][-]{subsubsection.2.3.4}{\376\377\000E\000j\000e\000c\000u\000c\000i\000\363\000n}{subsection.2.3}% 21
\BOOKMARK [2][-]{subsection.2.4}{\376\377\000E\000j\000e\000r\000c\000i\000c\000i\000o\000\040\0004\000:\000\040\000N\000\372\000m\000e\000r\000o\000s\000\040\000P\000e\000r\000f\000e\000c\000t\000o\000s}{section.2}% 22
\BOOKMARK [3][-]{subsubsection.2.4.1}{\376\377\000P\000s\000e\000u\000d\000o\000c\000\363\000d\000i\000g\000o}{subsection.2.4}% 23
\BOOKMARK [3][-]{subsubsection.2.4.2}{\376\377\000D\000i\000a\000g\000r\000a\000m\000a\000\040\000N\000a\000s\000s\000i\000-\000S\000h\000n\000e\000i\000d\000e\000r\000m\000a\000n}{subsection.2.4}% 24
\BOOKMARK [3][-]{subsubsection.2.4.3}{\376\377\000C\000\363\000d\000i\000g\000o\000\040\000\050\000L\000\363\000g\000i\000c\000a\000\040\000C\000e\000n\000t\000r\000a\000l\000\040\000d\000e\000l\000\040\000M\000o\000d\000e\000l\000o\000\051}{subsection.2.4}% 25
\BOOKMARK [3][-]{subsubsection.2.4.4}{\376\377\000E\000j\000e\000c\000u\000c\000i\000\363\000n}{subsection.2.4}% 26
\BOOKMARK [2][-]{subsection.2.5}{\376\377\000E\000j\000e\000r\000c\000i\000c\000i\000o\000\040\0005\000:\000\040\000C\000o\000n\000t\000r\000o\000l\000\040\000d\000e\000\040\000P\000e\000s\000o\000\040\000\050\000C\000l\000u\000b\000\051}{section.2}% 27
\BOOKMARK [3][-]{subsubsection.2.5.1}{\376\377\000P\000s\000e\000u\000d\000o\000c\000\363\000d\000i\000g\000o}{subsection.2.5}% 28
\BOOKMARK [3][-]{subsubsection.2.5.2}{\376\377\000D\000i\000a\000g\000r\000a\000m\000a\000\040\000N\000a\000s\000s\000i\000-\000S\000h\000n\000e\000i\000d\000e\000r\000m\000a\000n}{subsection.2.5}% 29
\BOOKMARK [3][-]{subsubsection.2.5.3}{\376\377\000C\000\363\000d\000i\000g\000o\000\040\000\050\000L\000\363\000g\000i\000c\000a\000\040\000C\000e\000n\000t\000r\000a\000l\000\040\000d\000e\000l\000\040\000M\000o\000d\000e\000l\000o\000\051}{subsection.2.5}% 30
\BOOKMARK [3][-]{subsubsection.2.5.4}{\376\377\000E\000j\000e\000c\000u\000c\000i\000\363\000n}{subsection.2.5}% 31
\BOOKMARK [1][-]{section.3}{\376\377\000C\000o\000n\000c\000l\000u\000s\000i\000o\000n\000e\000s}{}% 32
\BOOKMARK [1][-]{section.4}{\376\377\000R\000e\000f\000e\000r\000e\000n\000c\000i\000a\000s}{}% 33
\BOOKMARK [1][-]{section.5}{\376\377\000A\000n\000e\000x\000o\000s}{}% 34
\BOOKMARK [2][-]{subsection.5.1}{\376\377\000R\000e\000p\000o\000s\000i\000t\000o\000r\000i\000o\000\040\000d\000e\000\040\000c\000o\000d\000i\000g\000o\000\040\000f\000u\000e\000n\000t\000e}{section.5}% 35
\BOOKMARK [3][-]{subsubsection.5.1.1}{\376\377\000E\000n\000l\000a\000c\000e\000\040\000p\000r\000i\000n\000c\000i\000p\000a\000l}{subsection.5.1}% 36
