\BOOKMARK [1][-]{section.1}{\376\377\000I\000n\000t\000r\000o\000d\000u\000c\000c\000i\000\363\000n}{}% 1
\BOOKMARK [1][-]{section.2}{\376\377\000O\000b\000j\000e\000t\000i\000v\000o\000s}{}% 2
\BOOKMARK [1][-]{section.3}{\376\377\000M\000a\000r\000c\000o\000\040\000T\000e\000\363\000r\000i\000c\000o}{}% 3
\BOOKMARK [2][-]{subsection.3.1}{\376\377\000F\000l\000u\000t\000t\000e\000r}{section.3}% 4
\BOOKMARK [2][-]{subsection.3.2}{\376\377\000D\000a\000r\000t}{section.3}% 5
\BOOKMARK [2][-]{subsection.3.3}{\376\377\000A\000n\000d\000r\000o\000i\000d\000\040\000S\000t\000u\000d\000i\000o}{section.3}% 6
\BOOKMARK [2][-]{subsection.3.4}{\376\377\000S\000p\000l\000a\000s\000h\000\040\000S\000c\000r\000e\000e\000n}{section.3}% 7
\BOOKMARK [2][-]{subsection.3.5}{\376\377\000N\000a\000v\000e\000g\000a\000b\000i\000l\000i\000d\000a\000d\000\040\000\050\000p\000u\000s\000h\000,\000\040\000p\000o\000p\000,\000\040\000p\000u\000s\000h\000N\000a\000m\000e\000d\000\051}{section.3}% 8
\BOOKMARK [1][-]{section.4}{\376\377\000D\000e\000s\000a\000r\000r\000o\000l\000l\000o\000\040\000d\000e\000\040\000l\000o\000s\000\040\000E\000j\000e\000r\000c\000i\000c\000i\000o\000s}{}% 9
\BOOKMARK [2][-]{subsection.4.1}{\376\377\000S\000p\000l\000a\000s\000h\000\040\000S\000c\000r\000e\000e\000n\000\040\000y\000\040\000P\000a\000n\000t\000a\000l\000l\000a\000\040\000P\000r\000i\000n\000c\000i\000p\000a\000l}{section.4}% 10
\BOOKMARK [2][-]{subsection.4.2}{\376\377\000P\000r\000o\000b\000l\000e\000m\000a\000\040\0001\000:\000\040\000C\000\341\000l\000c\000u\000l\000o\000\040\000d\000e\000\040\000I\000V\000A\000\040\000y\000\040\000D\000e\000s\000c\000u\000e\000n\000t\000o}{section.4}% 11
\BOOKMARK [3][-]{subsubsection.4.2.1}{\376\377\000P\000s\000e\000u\000d\000o\000c\000\363\000d\000i\000g\000o}{subsection.4.2}% 12
\BOOKMARK [3][-]{subsubsection.4.2.2}{\376\377\000D\000i\000a\000g\000r\000a\000m\000a\000\040\000N\000a\000s\000s\000i\000-\000S\000h\000n\000e\000i\000d\000e\000r\000m\000a\000n}{subsection.4.2}% 13
\BOOKMARK [3][-]{subsubsection.4.2.3}{\376\377\000C\000\363\000d\000i\000g\000o\000\040}{subsection.4.2}% 14
\BOOKMARK [3][-]{subsubsection.4.2.4}{\376\377\000E\000j\000e\000c\000u\000c\000i\000\363\000n}{subsection.4.2}% 15
\BOOKMARK [3][-]{subsubsection.4.2.5}{\376\377\000S\000a\000l\000i\000d\000a\000\040\000E\000s\000p\000e\000r\000a\000d\000a}{subsection.4.2}% 16
\BOOKMARK [2][-]{subsection.4.3}{\376\377\000P\000r\000o\000b\000l\000e\000m\000a\000s\000\040\0002}{section.4}% 17
\BOOKMARK [3][-]{subsubsection.4.3.1}{\376\377\000E\000j\000e\000r\000c\000i\000c\000i\000o\000\040\0004\000.\0001\000:\000\040\000I\000n\000c\000r\000e\000m\000e\000n\000t\000o\000\040\000s\000a\000l\000a\000r\000i\000a\000l}{subsection.4.3}% 18
\BOOKMARK [3][-]{subsubsection.4.3.2}{\376\377\000E\000j\000e\000c\000u\000c\000i\000\363\000n}{subsection.4.3}% 19
\BOOKMARK [3][-]{subsubsection.4.3.3}{\376\377\000S\000a\000l\000i\000d\000a\000\040\000E\000s\000p\000e\000r\000a\000d\000a}{subsection.4.3}% 20
\BOOKMARK [3][-]{subsubsection.4.3.4}{\376\377\000E\000j\000e\000r\000c\000i\000c\000i\000o\000\040\0004\000.\0002\000:\000\040\000E\000l\000\040\000n\000\341\000u\000f\000r\000a\000g\000o\000\040\000s\000a\000t\000i\000s\000f\000e\000c\000h\000o}{subsection.4.3}% 21
\BOOKMARK [3][-]{subsubsection.4.3.5}{\376\377\000E\000j\000e\000c\000u\000c\000i\000\363\000n}{subsection.4.3}% 22
\BOOKMARK [3][-]{subsubsection.4.3.6}{\376\377\000S\000a\000l\000i\000d\000a\000\040\000E\000s\000p\000e\000r\000a\000d\000a}{subsection.4.3}% 23
\BOOKMARK [3][-]{subsubsection.4.3.7}{\376\377\000E\000j\000e\000r\000c\000i\000c\000i\000o\000\040\0004\000.\0003\000:\000\040\000C\000o\000n\000t\000a\000r\000\040\000c\000a\000n\000t\000i\000d\000a\000d\000e\000s}{subsection.4.3}% 24
\BOOKMARK [3][-]{subsubsection.4.3.8}{\376\377\000E\000j\000e\000c\000u\000c\000i\000\363\000n}{subsection.4.3}% 25
\BOOKMARK [3][-]{subsubsection.4.3.9}{\376\377\000S\000a\000l\000i\000d\000a\000\040\000E\000s\000p\000e\000r\000a\000d\000a}{subsection.4.3}% 26
\BOOKMARK [3][-]{subsubsection.4.3.10}{\376\377\000E\000j\000e\000r\000c\000i\000c\000i\000o\000\040\0004\000.\0008\000:\000\040\000P\000r\000o\000m\000o\000c\000i\000\363\000n\000\040\000d\000e\000\040\000a\000r\000t\000\355\000c\000u\000l\000o\000s}{subsection.4.3}% 27
\BOOKMARK [3][-]{subsubsection.4.3.11}{\376\377\000E\000j\000e\000c\000u\000c\000i\000\363\000n}{subsection.4.3}% 28
\BOOKMARK [3][-]{subsubsection.4.3.12}{\376\377\000S\000a\000l\000i\000d\000a\000\040\000E\000s\000p\000e\000r\000a\000d\000a}{subsection.4.3}% 29
\BOOKMARK [1][-]{section.5}{\376\377\000C\000o\000n\000c\000l\000u\000s\000i\000o\000n\000e\000s}{}% 30
\BOOKMARK [1][-]{section.6}{\376\377\000R\000e\000f\000e\000r\000e\000n\000c\000i\000a\000s}{}% 31
\BOOKMARK [1][-]{section.7}{\376\377\000A\000n\000e\000x\000o\000s}{}% 32
\BOOKMARK [2][-]{subsection.7.1}{\376\377\000R\000e\000p\000o\000s\000i\000t\000o\000r\000i\000o\000\040\000d\000e\000\040\000c\000\363\000d\000i\000g\000o\000\040\000f\000u\000e\000n\000t\000e}{section.7}% 33
\BOOKMARK [3][-]{subsubsection.7.1.1}{\376\377\000E\000n\000l\000a\000c\000e\000\040\000p\000r\000i\000n\000c\000i\000p\000a\000l}{subsection.7.1}% 34
